{"name": "TestAuth positive", "status": "failed", "statusDetails": {"message": "AssertionError: Received status code is not equal to expected. Received status code: 200. Expected status code is not: 200", "trace": "self = <tests.test_auth.TestAuth object at 0x0000028A06BF1280>, body = {'name': ''}\n\n    @allure.title('TestAuth positive')\n    @pytest.mark.parametrize(\"body\", data_auth_negative_name)\n    def test_auth_negative(self, body):\n        response = MemeApi.authorize(body)\n>       Checking.check_status_code_is_not(response, 200)\n\ntests\\test_auth.py:23: \n_ _ _ _ _ _ _ _ _ _ _ _ _ _ _ _ _ _ _ _ _ _ _ _ _ _ _ _ _ _ _ _ _ _ _ _ _ _ _ _ _ _ _ _ _ _ _ _ _ _ _ _ _ _ _ _ _ _ _ _ _ _ _ _ _ _ _ _ _ _ _ _ _ _ _ _ _ _ _ _ _ _ _ _ _ _ _ _ _ _ _ _ _ _ _ _ _ _ _ _ _ _ _ _ _ _ _ _ _ _ _ _ _ _\n\nresponse = <Response [200]>, status_code = 200\n\n    @staticmethod\n    def check_status_code_is_not(response: Response, status_code):\n>       assert response.status_code != status_code, (GlobalErrorMessages.WRONG_STATUS_CODE.value +\n                                                     f' Received status code: {response.status_code}.' +\n                                                     f' Expected status code is not: {status_code}')\nE       AssertionError: Received status code is not equal to expected. Received status code: 200. Expected status code is not: 200\n\nutils\\checking.py:15: AssertionError"}, "parameters": [{"name": "body", "value": "{'name': ''}"}], "start": 1717789428157, "stop": 1717789428235, "uuid": "e337be84-bb12-4817-a999-9f74edc3f535", "historyId": "ca090995f4d4e921677a598b1b589fad", "testCaseId": "d81f8043980168ffb74177ef5beef2e3", "fullName": "tests.test_auth.TestAuth#test_auth_negative", "labels": [{"name": "parentSuite", "value": "tests"}, {"name": "suite", "value": "test_auth"}, {"name": "subSuite", "value": "TestAuth"}, {"name": "host", "value": "DESKTOP-35AV9ST"}, {"name": "thread", "value": "12216-MainThread"}, {"name": "framework", "value": "pytest"}, {"name": "language", "value": "cpython3"}, {"name": "package", "value": "tests.test_auth"}]}